1.3.7.3
1.3.7.3.1
2.2.rc1
2.2
2.3
2.4.1.3
2.5.1
2.5.2
2.5.3
2.6
2.8.3.rc2
2.8.3.rc3
2.8.3.rc4
2.8.3
2.8.3.1
2.8.3.2
2.8.3.3
2.8.3.4
2.8.3.5
2.8.3.6
2.8.4.rc1
2.8.4.rc2
2.8.4
2.8.4.1
2.8.4.2.rc1
2.8.4.2
2.8.4.2.1
2.8.5.alpha0
2.8.5
2.8.5.1
2.8.6.pre0
2.8.6.pre2
2.8.6.pre3
2.8.6.pre4
2.8.6
2.8.7.alpha0
2.8.7.alpha2
2.8.7.rc1
2.8.7.rc2
2.8.7
2.8.7.1
2.8.7.2
2.8.8.rc1
2.8.8
2.8.8.1
2.8.9.alpha0
2.8.9.rc1
2.8.9
2.8.10.alpha0
2.8.10.alpha1
2.8.10.rc1
2.8.10
2.8.11.alpha0
2.8.11.rc1
2.8.11.rc2
2.8.11
2.8.11.1
2.8.12.alpha0
2.8.12.alpha1
2.8.12.rc0
2.8.12
2.8.13.alpha0
2.8.13.alpha1
2.8.13.rc0
2.8.13.rc1
2.8.13.rc2
2.8.13
2.8.14.rc0
2.8.14.rc1
2.8.14.rc2
2.8.14.rc3
2.8.14
2.8.15.alpha0
2.8.15.alpha1
2.8.15.alpha2
2.8.15.rc0
2.8.15
2.9.alpha0
2.9.alpha1
2.9.alpha2
2.9.alpha3
2.9.alpha4
2.9.alpha5
2.9.alpha6
2.9.alpha7
2.9.rc0
2.9.rc1
2.9.rc2
2.9.rc3
2.9.rc4
2.9
2.9.1.alpha1
2.9.1.alpha2
2.9.1.alpha3
2.9.1.rc0
2.9.1.rc1
2.9.1.rc2
2.9.1.rc3
2.9.1
2.9.1.1
2.9.2.alpha0
2.9.2.rc0
2.9.2.rc1
2.9.2
2.9.3.rc0
2.9.3
2.9.15.rc1
2.10.alpha0
2.10.alpha1
2.10.alpha2
2.10.alpha3
2.10.alpha4
2.10
2.10.1.alpha0
2.10.1.alpha1
2.10.1.alpha2
2.10.1.rc0
2.10.1.rc1
2.10.1.rc2
2.10.1.rc3
2.10.1.rc4
2.10.1.rc5
2.10.1
2.10.2.alpha0
2.10.2.alpha1
2.10.2.alpha2
2.10.2.rc0
2.10.2
2.10.3.alpha0
2.10.3.rc0
2.10.3.rc1
2.10.3.rc2
2.10.3.rc3
2.10.3.rc4
2.10.3.rc5
2.10.3
2.10.4.alpha0
2.10.4.rc0
2.10.4
2.11.alpha0
2.11.alpha1
2.11.alpha2
2.11.rc0
2.11
3.0.alpha0
3.0.alpha1
3.0.alpha2
3.0.alpha3
3.0.alpha4
3.0.alpha5
3.0.alpha6
3.0.rc0
3.0.rc1
3.0
3.0.1.alpha0
3.0.1.alpha1
3.0.1.rc0
3.0.1
3.0.2.alpha0
3.0.2.alpha1
3.0.2.rc0
3.0.2.rc1
3.0.2.rc2
3.0.2.rc3
3.0.2
3.0.3.alpha0
3.0.3.alpha1
3.0.3.alpha2
3.0.3.rc0
3.0.3
3.0.4.alpha0
3.0.4.alpha1
3.0.4.alpha2
3.0.4.rc0
3.0.4.rc1
3.0.4.rc2
3.0.4
3.0.5
3.0.6.alpha0
3.0.6.rc0
3.0.6
3.1.alpha0
3.1.alpha1
3.1.alpha2
3.1.rc0
3.1
3.1.1
3.1.2.alpha0
3.1.2.alpha1
3.1.2.alpha2
3.1.2.alpha3
3.1.2.alpha4
3.1.2.rc0
3.1.2.rc1
3.1.2.rc2
3.1.2.rc3
3.1.2.rc4
3.1.2
3.1.3.alpha0
3.1.3.alpha1
3.1.3.alpha2
3.1.3.alpha3
3.1.3.rc0
3.1.3
3.1.4
3.2.alpha0
3.2.alpha1
3.2.alpha2
3.2.alpha3
3.2.rc0
3.2.rc1
3.2.rc2
3.2
3.2.1.alpha0
3.2.1.alpha1
3.2.1.alpha2
3.2.1.rc0
3.2.1.rc1
3.2.1
3.2.2.alpha0
3.2.2.alpha1
3.2.2.alpha2
3.2.2.rc0
3.2.2.rc1
3.2.2
3.2.3.alpha0
3.2.3
3.3.alpha0
3.3.alpha1
3.3.alpha2
3.3.alpha3
3.3.alpha4
3.3.alpha5
3.3.alpha6
3.3.rc0
3.3.rc1
3.3.rc2
3.3.rc3
3.3
3.4.alpha0
3.4.rc0
3.4.rc1
3.4
3.4.1.alpha0
3.4.1.rc0
3.4.1.rc1
3.4.1.rc2
3.4.1.rc3
3.4.1.rc4
3.4.1
3.4.2.alpha0
3.4.2.rc0
3.4.2
4.0.alpha0
4.0.rc0
4.0.rc1
4.0.rc2
4.0
4.0.1.alpha0
4.0.1.rc0
4.0.1.rc1
4.0.1.rc2
4.0.1.rc3
4.0.1
4.0.2.alpha0
4.0.2.alpha2
4.0.2.alpha3
4.0.2.alpha4
4.0.2.alpha5
4.0.2.rc0
4.0.2.rc1
4.0.2.rc3
4.0.2
4.1.alpha0
4.1.alpha1
4.1.alpha2
4.1.alpha3
4.1.rc0
4.1.rc1
4.1
4.1.1.alpha0
4.1.1.alpha1
4.1.1.rc0
4.1.1.rc1
4.1.1.rc2
4.1.1
4.1.2.alpha0
4.1.2.alpha1
4.1.2.alpha2
4.1.2.alpha4
4.1.2.rc0
4.1.2.rc1.alpha
4.1.2.rc1.alpha1
4.1.2.rc1.alpha2
4.1.2.rc1.alpha3
4.1.2.rc1
4.1.2.rc2
4.1.2
4.2.alpha0
4.2.alpha1
4.2
4.2.1.alpha0
4.2.1.rc0
4.2.1
4.3.alpha0
4.3.alpha1
4.3.rc0
4.3.rc1
4.3.rc2
4.3
4.3.1.alpha0
4.3.1.alpha1
4.3.1.alpha2
4.3.1.alpha3
4.3.1.alpha4
4.3.1.alpha5
4.3.1.rc0
4.3.1.rc1
4.3.1
4.3.2.alpha0
4.3.2.alpha1
4.3.2.rc0
4.3.2
4.3.3.alpha0
4.3.3.alpha1
4.3.3
4.3.4.alpha0
4.3.4.alpha1
4.3.4.rc0
4.3.4
4.3.5
4.4.alpha0
4.4.alpha1
4.4
4.4.1.alpha0
4.4.1.alpha1
4.4.1.alpha2
4.4.1.alpha3
4.4.1.rc0
4.4.1
4.4.2.alpha0
4.4.2.rc0
4.4.2
4.4.3.alpha0
4.4.3.alpha1
4.4.3.alpha2
4.4.3.alpha3
4.4.3.rc0
4.4.3
4.4.4.alpha0
4.4.4.alpha1
4.4.4.rc0
4.4.4
4.5.alpha0
4.5.alpha1
4.5.alpha2
4.5.alpha3
4.5.alpha4
4.5.rc0
4.5.rc1
4.5
4.5.1
4.5.2.alpha0
4.5.2.alpha1
4.5.2.rc0
4.5.2.rc1
4.5.2
4.5.3.alpha0
4.5.3.alpha1
4.5.3.alpha2
4.5.3.rc0
4.5.3
4.6.alpha0
4.6.alpha1
4.6.alpha2
4.6.alpha3
4.6.rc0
4.6
4.6.1.alpha0
4.6.1.alpha1
4.6.1.alpha2
4.6.1.alpha3
4.6.1.rc0
4.6.1.rc1
4.6.1
4.6.2.alpha0
4.6.2.alpha1
4.6.2.alpha2
4.6.2.alpha3
4.6.2.alpha4
4.6.2.rc0
4.6.2.rc1
4.6.2
4.7.alpha0
4.7.alpha1
4.7.alpha2
4.7.alpha3
4.7.alpha4
4.7.alpha5
4.7.rc0
4.7.rc1
4.7.rc2
4.7.rc3
4.7.rc4
4.7
4.7.1.alpha0
4.7.1.alpha1
4.7.1.alpha2
4.7.1.alpha3
4.7.1.alpha4
4.7.1.rc0
4.7.1.rc1
4.7.1.rc2
4.7.1
4.7.2.alpha0
4.7.2.alpha1
4.7.2.alpha2
4.7.2.alpha3
4.7.2.alpha4
4.7.2.rc0
4.7.2.rc1
4.7.2
4.8.alpha0
4.8.alpha1
4.8.alpha2
4.8.alpha3
4.8.alpha4
4.8.alpha5
4.8.alpha6
4.8.rc0
4.8
5.0.beta0
5.0.beta1
5.0.beta2
5.0.beta3
5.0.beta4
5.0.beta5
5.0.beta6
5.0.beta7
5.0.beta8
5.0.beta9
5.0.beta10
5.0.beta11
5.0.beta12
5.0.beta13
5.0.beta14
5.0.rc0
5.0.rc1
5.0
5.0.1.rc0
5.0.1.rc1
5.0.1
5.1.beta0
5.1.beta1
5.1.beta2
5.1.beta3
5.1.beta4
5.1.beta5
5.1.beta6
5.1.rc0
5.1.rc1
5.1
5.2.beta0
5.2.beta1
5.2.rc0
5.2.rc1
5.2
5.3.beta0
5.3.beta1
5.3.beta2
5.3.rc0
5.3.rc1
5.3
5.4.beta0
5.4.beta1
5.4.beta2
5.4.rc0
5.4.rc1
5.4.rc2
5.4.rc3
5.4.rc4
5.4
5.4.1.rc0
5.4.1.rc1
5.4.1
5.5.beta0
5.5.beta1
5.5.beta2
5.5.rc0
5.5.rc1
5.5
5.6.beta0
5.6.beta1
5.6.beta2
5.6.beta3
5.6.rc0
5.6.rc1
5.6
5.7.beta0
5.7.beta1
5.7.beta2
5.7.beta3
5.7.beta4
5.7.rc0
5.7
5.8.beta0
5.8.beta1
5.8.beta2
5.8.beta3
5.8.beta4
5.8.rc0
5.8
5.9.beta0
5.9.beta1
5.9.beta2
5.9.beta3
5.9.beta4
5.9.beta5
5.9.rc0
5.9.rc1
5.9
5.10.beta0
5.10.beta1
5.10.beta2
5.10.beta3
5.10.beta4
5.10.beta5
5.10.rc0
5.10.rc1
5.10.rc2
5.10
5.11.beta0
5.11.beta1
5.11.beta2
5.11.beta3
5.11.rc0
5.11.rc1
5.11
5.12.beta0
5.12.beta1
5.12.beta2
5.12.beta3
5.12.beta4
5.12.beta5
5.12.rc0
5.12.rc1
5.12
5.13.beta0
5.13.beta1
5.13.beta2
5.13.beta3
5.13.beta4
5.13.beta5
5.13.rc0
5.13
6.0.rc0
6.0.rc1
6.0
6.1.beta0
6.1.beta1
6.1.beta2
6.1.beta3
6.1.beta4
6.1.beta5
6.1.beta6
6.1.rc0
6.1
6.1.1
6.2.beta0
6.2.beta1
6.2.beta2
6.2.beta3
6.2.beta4
6.2.beta5
6.2.beta6
6.2.beta7
6.2.beta8
6.2.rc0
6.2.rc1
6.2.rc2
6.2
6.3.beta0
6.3.beta1
6.3.beta2
6.3.beta3
6.3.beta4
6.3.beta5
6.3.beta6
6.3.beta7
6.3.beta8
6.3.rc0
6.3.rc1
6.3
6.4.beta0
6.4.beta1
6.4.beta2
6.4.beta3
6.4.beta4
6.4.beta5
6.4.beta6
6.4.rc0
6.4.rc1
6.4.rc2
6.4
6.4.1
6.5.beta0
6.5.beta1
6.5.beta2
6.5.beta3
6.5.beta4
6.5.beta5
6.5.beta6
6.5.rc0
6.5.rc1
6.5.rc2
6.5.rc3
6.5
6.6.beta0
6.6.beta1
6.6.beta2
6.6.beta3
6.6.beta4
6.6.beta5
6.6.beta6
6.6.rc0
6.6.rc1
6.6.rc2
6.6.rc3
6.6
6.7.beta0
6.7.beta1
6.7.beta2
6.7.beta3
6.7.beta4
6.7.beta5
6.7.rc0
6.7
6.8.beta0
6.8.beta1
6.8.beta2
6.8.beta3
6.8.beta4
6.8.beta5
6.8.beta6
6.8.beta7
6.8.beta8
6.8.rc0
6.8.rc1
6.8
6.9.beta0
6.9.beta1
6.9.beta2
6.9.beta3
6.9.beta4
6.9.beta5
6.9.beta6
6.9.beta7
6.9.rc0
6.9.rc1
6.9.rc2
6.9.rc3
6.9
6.10.beta0
6.10.beta1
6.10.beta2
6.10.beta3
6.10.beta4
6.10.beta5
6.10.beta6
6.10.beta7
6.10.rc0
6.10.rc1
6.10.rc2
6.10
7.0.beta0
7.0.beta1
7.0.beta2
7.0.beta3
7.0.rc0
7.0.rc1
7.0
7.1.beta0
7.1.beta1
7.1.beta2
7.1.beta3
7.1.beta4
7.1.beta5
7.1.beta6
7.1.rc0
7.1.rc1
7.1
7.2.beta0
7.2.beta1
7.2.beta2
7.2.beta3
7.2.beta4
7.2.beta5
7.2.beta6
7.2.rc0
7.2.rc1
7.2.rc2
7.2
7.3.beta0
7.3.beta1
7.3.beta2
7.3.beta3
7.3.beta4
7.3.beta5
7.3.beta6
7.3.beta7
7.3.beta8
7.3.beta9
7.3.rc0
7.3
7.4.beta0
7.4.beta1
7.4.beta2
7.4.beta3
7.4.beta4
7.4.beta5
7.4.beta6
7.4.rc0
7.4.rc1
7.4.rc2
7.4
7.5.beta0
7.5.beta1
7.5.beta2
7.5.beta3
7.5.beta4
7.5.beta5
7.5.beta6
7.5.rc0
7.5.rc1
7.5.rc2
7.5.rc3
7.5
7.5.1
7.6.beta0
7.6.beta1
7.6.beta2
7.6.beta3
7.6.beta4
7.6.beta5
7.6.beta6
7.6.rc0
7.6.rc1
7.6.rc2
7.6
8.0.beta0
8.0.beta1
8.0.beta2
8.0.beta3
8.0.beta4
8.0.beta5
8.0.beta6
8.0.beta7
8.0.beta8
8.0.beta9
8.0.beta10
8.0.beta11
8.0.beta12
8.0.rc0
8.0.rc1
8.0.rc2
8.0
8.1.beta0
8.1.beta1
8.1.beta2
8.1.beta3
8.1.beta4
8.1.beta5
8.1.beta6
8.1.beta7
8.1.beta8
8.1.beta9
8.1.rc0
8.1.rc1
8.1.rc2
8.1.rc3
8.1.rc4
8.1
8.2.beta0
8.2.beta1
8.2.beta2
8.2.beta3
8.2.beta4
8.2.beta5
8.2.beta6
8.2.beta7
8.2.beta8
8.2.rc0
8.2.rc1
8.2.rc2
8.2.rc3
8.2.rc4
8.2
8.3.beta0
8.3.beta1
8.3.beta2
8.3.beta3
8.3.beta4
8.3.beta5
8.3.beta6
8.3.beta7
8.3.beta8
8.3.rc0
8.3.rc1
8.3.rc2
8.3.rc3
8.3
8.4.beta0
8.4.beta1
8.4.beta2
8.4.beta3
8.4.beta4
8.4.beta5
8.4.beta6
8.4.beta7
8.4.rc0
8.4.rc1
8.4
8.5.beta0
8.5.beta1
8.5.beta2
8.5.beta3
8.5.beta4
8.5.beta5
8.5.beta6
8.5.rc0
8.5.rc1
8.5
8.6.beta0
8.6.beta1
8.6.rc0
8.6.rc1
8.6
8.7.beta0
8.7.beta1
8.7.beta2
8.7.beta3
8.7.beta4
8.7.beta5
8.7.beta6
8.7.beta7
8.7.rc0
8.7
8.8.beta0
8.8.beta1
8.8.beta2
8.8.beta3
8.8.beta4
8.8.beta5
8.8.beta6
8.8.beta7
8.8.rc0
8.8.rc1
8.8.rc2
8.8.rc3
8.8
8.9.beta0
8.9.beta1
8.9.beta2
8.9.beta3
8.9.beta4
8.9.beta5
8.9.beta6
8.9.beta7
8.9.beta8
8.9.beta9
8.9.rc0
8.9.rc1
8.9
9.0.beta0
9.0.beta1
9.0.beta2
9.0.beta3
9.0.beta4
9.0.beta5
9.0.beta6
9.0.beta7
9.0.beta8
9.0.beta9
9.0.beta10
9.0.rc0
9.0.rc1
9.0
9.1.beta0
9.1.beta1
