A. S. Dasher [first contribution]
Adam Towsley
Alex Galarraga
Alex J. Best
Alexis Suki Dasher [first contribution]
Andrew O'Desky [first contribution]
Andrey Novoseltsev
André Apitzsch
Anna Chlopecki
Anton Leykin [first contribution]
Antonio Rojas
Bella Tobin [first contribution]
Ben Barros
Ben Hutz
Bianca Thompson
Brandon Gontmacher
Brent Baccala
Bruno Grenet
Chaman Agrawal
Chris Wuthrich
Christian Nassau
Darij Grinberg
Dave Morris [first contribution]
David Coudert
David Einstein
David Roe
David coudert [first contribution]
Dima Pasechnik
Durand Amaury [first contribution]
Edgar Costa
Emmanuel Charpentier
Eric Gourgoulhon
Eric Zhu
Erik Bray
Florentin Jaffredo
Franco Saliola
François Bissey
Frederic Han
Friedrich Wiemer
Frédéric Chapoton
George H. Seelinger
Gerardo E Zelaya Eufemia [first contribution]
Grayson Jorgenson
Heidi Benham
Hendrik Schrezenmaier
Henri Derycke
Henry Talbott
Isuru Fernando
Jamie Juul [first contribution]
Jasmine Camero
Jean-Philippe Labbé
Jeroen Demeyer
Jerry James
Jesper Noordsij
Joey Lupo
John Cremona
John Doyle
John Michael Clark [first contribution]
John Palmieri
Jonas Frede [first contribution]
Jonathan Kliem
Jori Mäntysalo
Julia Cai
Julian Ritter
Julian Rüth
Juliano Levier-Gomes
Karim Van Aelst
Karl-Dieter Crisman
Kevin Lui
Kiran Kedlaya
Kwankyu Lee
Laith Rastanawi
Leopold Mayer
Lukas Stennes
Léo Brunswic [first contribution]
Marc Mezzarobba
Marketa Slukova
Markus Wageringel
Martin Rubey
Matt Torrence
Matthew Lancellotti
Matthias Koeppe
Maverick Woo [first contribution]
Meghan Grip
Michael Jung
Michael Orlitzky
Miguel Marco
Nadia Lafrenière
Nicholas Triantafillou [first contribution]
Nicolas M. Thiéry
Nils Bruin
Olivia Schwager
Paul Fili
Paul Masson
Paul Zimmermann
Peter Bruin
Raghukul Raman
Ralf Stephan
Richard Magner [first contribution]
Samuel Lelièvre
Sebastian Oehms
Simon Brandhorst
Simon King
Simon Xu
Sophia Elia
Steven Trogdon
Sébastien Labbé
Talia Blum
Thierry Monteil
Travis Scrimshaw
Victor Manero
Vincent Delecroix
Vishal Arul [first contribution]
Volker Braun
Wayne Peng
Xavier Caruso
Émile Nadeau
​Eric Gourgoulhon [first contribution]
