14068
14614
17598
21412
22408
22688
24824
24894
25019
25890
26379
26496
26939
27780
28041
28073
28189
28248
28372
28392
28410
28426
28443
28464
28469
28471
28472
28474
28475
28477
28478
28480
28481
28482
28488
28493
28495
28497
28498
28499
28503
28504
28511
28512
28514
28516
28521
28522
28524
17468
25508
26105
27949
28074
28082
28187
28416
28459
28470
28484
28491
28492
28496
28509
28510
28518
28525
28526
28527
28528
28532
28534
28535
28536
28537
28542
28543
28546
28547
28548
28550
28551
28556
28558
28560
28563
28565
28566
28568
28570
28571
28579
28582
18957
26403
28487
28508
28567
28569
28584
28587
28588
28590
28593
28594
28595
28597
28607
20264
27813
28155
28159
28463
28531
28562
28600
28601
28603
28604
28619
28621
28625
28631
28636
28637
28642
18861
25390
26922
27866
28126
28182
28334
28414
28429
28545
28554
28572
28591
28622
28628
28633
28643
28644
28649
28650
28655
28658
28659
28661
28662
28663
28665
28666
28667
28668
28670
28673
27195
28245
28502
28506
28574
28578
28645
28657
28669
28674
28678
28681
28687
28690
28691
28693
28699
28702
15077
24108
25183
27089
27302
27761
28104
28382
28605
28606
28652
28660
28686
28689
28700
28707
28708
28709
28714
28715
28717
28719
28721
28725
28726
28730
28734
23816
27790
27838
28214
28304
28564
28675
28685
28698
28732
28736
28737
28748
28795
28797
22380
23720
23740
25701
26816
26817
27154
27408
27784
28170
28213
28489
28501
28583
28614
28627
28680
28694
28705
28716
28720
28733
28739
28740
28741
28744
28747
28749
28751
28756
28758
28759
28760
28761
28763
28764
28769
28770
28779
28783
28784
28790
28791
28793
28805
28807
28809
28810
28811
28812
28820
28823
28824
24398
28258
28289
28476
28541
28639
28710
28792
28801
28818
28821
28822
28825
28826
28830
28833
28834
28835
28839
28840
28841
28843
12679
15645
17339
26332
28326
28329
28355
28374
28507
28533
28596
28613
28632
28684
28743
28762
28766
28789
28808
28819
28828
28829
28832
28842
28844
28845
28847
28849
28850
28851
28858
28859
28860
28861
28863
28872
28874
28875
28876
28877
28881
28887
28888
28891
28094
28309
28654
28837
28885
28896
28898
28900
28676
28878
28910
