sage-9.0.beta0 28524
sage-9.0.beta0 28522
sage-9.0.beta0 28521
sage-9.0.beta0 28516
sage-9.0.beta0 28514
sage-9.0.beta0 28511
sage-9.0.beta0 28504
sage-9.0.beta0 28503
sage-9.0.beta0 28499
sage-9.0.beta0 28498
sage-9.0.beta0 28497
sage-9.0.beta0 28495
sage-9.0.beta0 28493
sage-9.0.beta0 28488
sage-9.0.beta0 28512
sage-9.0.beta0 28482
sage-9.0.beta0 28481
sage-9.0.beta0 28480
sage-9.0.beta0 28478
sage-9.0.beta0 28477
sage-9.0.beta0 28475
sage-9.0.beta0 28474
sage-9.0.beta0 28472
sage-9.0.beta0 28471
sage-9.0.beta0 28469
sage-9.0.beta0 28464
sage-9.0.beta0 28443
sage-9.0.beta0 28426
sage-9.0.beta0 28410
sage-9.0.beta0 28392
sage-9.0.beta0 28372
sage-9.0.beta0 28248
sage-9.0.beta0 28189
sage-9.0.beta0 28073
sage-9.0.beta0 28041
sage-9.0.beta0 27780
sage-9.0.beta0 26939
sage-9.0.beta0 26496
sage-9.0.beta0 26379
sage-9.0.beta0 25890
sage-9.0.beta0 25019
sage-9.0.beta0 24894
sage-9.0.beta0 24824
sage-9.0.beta0 22688
sage-9.0.beta0 22408
sage-9.0.beta0 21412
sage-9.0.beta0 17598
sage-9.0.beta0 14614
sage-9.0.beta0 14068
sage-9.0.beta1 28582
sage-9.0.beta1 28579
sage-9.0.beta1 28571
sage-9.0.beta1 28566
sage-9.0.beta1 28532
sage-9.0.beta1 28525
sage-9.0.beta1 26105
sage-9.0.beta1 25508
sage-9.0.beta1 17468
sage-9.0.beta1 28570
sage-9.0.beta1 28563
sage-9.0.beta1 28558
sage-9.0.beta1 28082
sage-9.0.beta1 28568
sage-9.0.beta1 28565
sage-9.0.beta1 28560
sage-9.0.beta1 28459
sage-9.0.beta1 28492
sage-9.0.beta1 28484
sage-9.0.beta1 28536
sage-9.0.beta1 28510
sage-9.0.beta1 28509
sage-9.0.beta1 28537
sage-9.0.beta1 28518
sage-9.0.beta1 28496
sage-9.0.beta1 28491
sage-9.0.beta1 28470
sage-9.0.beta1 28416
sage-9.0.beta1 28187
sage-9.0.beta1 28074
sage-9.0.beta1 27949
sage-9.0.beta1 28556
sage-9.0.beta1 28551
sage-9.0.beta1 28550
sage-9.0.beta1 28548
sage-9.0.beta1 28547
sage-9.0.beta1 28546
sage-9.0.beta1 28543
sage-9.0.beta1 28542
sage-9.0.beta1 28535
sage-9.0.beta1 28534
sage-9.0.beta1 28528
sage-9.0.beta1 28527
sage-9.0.beta1 28526
sage-9.0.beta2 26403
sage-9.0.beta2 18957
sage-9.0.beta2 28607
sage-9.0.beta2 28594
sage-9.0.beta2 28567
sage-9.0.beta2 28508
sage-9.0.beta2 28593
sage-9.0.beta2 28597
sage-9.0.beta2 28595
sage-9.0.beta2 28587
sage-9.0.beta2 28569
sage-9.0.beta2 28590
sage-9.0.beta2 28584
sage-9.0.beta2 28487
sage-9.0.beta2 28588
sage-9.0.beta3 28562
sage-9.0.beta3 28531
sage-9.0.beta3 28642
sage-9.0.beta3 28601
sage-9.0.beta3 28463
sage-9.0.beta3 28159
sage-9.0.beta3 20264
sage-9.0.beta3 28636
sage-9.0.beta3 28619
sage-9.0.beta3 28637
sage-9.0.beta3 28631
sage-9.0.beta3 28625
sage-9.0.beta3 28621
sage-9.0.beta3 28604
sage-9.0.beta3 28603
sage-9.0.beta3 28600
sage-9.0.beta3 28155
sage-9.0.beta3 27813
sage-9.0.beta4 28126
sage-9.0.beta4 28670
sage-9.0.beta4 28667
sage-9.0.beta4 28182
sage-9.0.beta4 28668
sage-9.0.beta4 28658
sage-9.0.beta4 28650
sage-9.0.beta4 28649
sage-9.0.beta4 28429
sage-9.0.beta4 28673
sage-9.0.beta4 28666
sage-9.0.beta4 28661
sage-9.0.beta4 28665
sage-9.0.beta4 28414
sage-9.0.beta4 25390
sage-9.0.beta4 28663
sage-9.0.beta4 28662
sage-9.0.beta4 28572
sage-9.0.beta4 28554
sage-9.0.beta4 18861
sage-9.0.beta4 28659
sage-9.0.beta4 28633
sage-9.0.beta4 28628
sage-9.0.beta4 28591
sage-9.0.beta4 26922
sage-9.0.beta4 28655
sage-9.0.beta4 28644
sage-9.0.beta4 28643
sage-9.0.beta4 28622
sage-9.0.beta4 28545
sage-9.0.beta4 27866
sage-9.0.beta4 28334
sage-9.0.beta5 28657
sage-9.0.beta5 28702
sage-9.0.beta5 28699
sage-9.0.beta5 28669
sage-9.0.beta5 27195
sage-9.0.beta5 28691
sage-9.0.beta5 28690
sage-9.0.beta5 28687
sage-9.0.beta5 28245
sage-9.0.beta5 28693
sage-9.0.beta5 28681
sage-9.0.beta5 28678
sage-9.0.beta5 28674
sage-9.0.beta5 28645
sage-9.0.beta5 28578
sage-9.0.beta5 28574
sage-9.0.beta5 28506
sage-9.0.beta5 28502
sage-9.0.beta6 28104
sage-9.0.beta6 28726
sage-9.0.beta6 28734
sage-9.0.beta6 28721
sage-9.0.beta6 28715
sage-9.0.beta6 28686
sage-9.0.beta6 15077
sage-9.0.beta6 28725
sage-9.0.beta6 28719
sage-9.0.beta6 28717
sage-9.0.beta6 28709
sage-9.0.beta6 28707
sage-9.0.beta6 28652
sage-9.0.beta6 28606
sage-9.0.beta6 28605
sage-9.0.beta6 27302
sage-9.0.beta6 27089
sage-9.0.beta6 25183
sage-9.0.beta6 24108
sage-9.0.beta6 28730
sage-9.0.beta6 28714
sage-9.0.beta6 28708
sage-9.0.beta6 28700
sage-9.0.beta6 28689
sage-9.0.beta6 28660
sage-9.0.beta6 28382
sage-9.0.beta6 27761
sage-9.0.beta7 28797
sage-9.0.beta7 28795
sage-9.0.beta7 28685
sage-9.0.beta7 28737
sage-9.0.beta7 28736
sage-9.0.beta7 28698
sage-9.0.beta7 28675
sage-9.0.beta7 28564
sage-9.0.beta7 28304
sage-9.0.beta7 28214
sage-9.0.beta7 27838
sage-9.0.beta7 27790
sage-9.0.beta7 23816
sage-9.0.beta7 28732
sage-9.0.beta7 28748
sage-9.0.beta8 28824
sage-9.0.beta8 28823
sage-9.0.beta8 28809
sage-9.0.beta8 28790
sage-9.0.beta8 28779
sage-9.0.beta8 28758
sage-9.0.beta8 28744
sage-9.0.beta8 28733
sage-9.0.beta8 28720
sage-9.0.beta8 28680
sage-9.0.beta8 28583
sage-9.0.beta8 28820
sage-9.0.beta8 28811
sage-9.0.beta8 28501
sage-9.0.beta8 28489
sage-9.0.beta8 28213
sage-9.0.beta8 27784
sage-9.0.beta8 28170
sage-9.0.beta8 26817
sage-9.0.beta8 26816
sage-9.0.beta8 23740
sage-9.0.beta8 23720
sage-9.0.beta8 28791
sage-9.0.beta8 28784
sage-9.0.beta8 28783
sage-9.0.beta8 28770
sage-9.0.beta8 28769
sage-9.0.beta8 28764
sage-9.0.beta8 28763
sage-9.0.beta8 28751
sage-9.0.beta8 28749
sage-9.0.beta8 28747
sage-9.0.beta8 28741
sage-9.0.beta8 28716
sage-9.0.beta8 28627
sage-9.0.beta8 27408
sage-9.0.beta8 28756
sage-9.0.beta8 28759
sage-9.0.beta8 28760
sage-9.0.beta8 28761
sage-9.0.beta8 28805
sage-9.0.beta8 28807
sage-9.0.beta8 28810
sage-9.0.beta8 28793
sage-9.0.beta8 28739
sage-9.0.beta8 28740
sage-9.0.beta8 28812
sage-9.0.beta8 28705
sage-9.0.beta8 28694
sage-9.0.beta8 28614
sage-9.0.beta8 27154
sage-9.0.beta8 25701
sage-9.0.beta8 22380
sage-9.0.beta9 28843
sage-9.0.beta9 28841
sage-9.0.beta9 28839
sage-9.0.beta9 28835
sage-9.0.beta9 28830
sage-9.0.beta9 28792
sage-9.0.beta9 28840
sage-9.0.beta9 28833
sage-9.0.beta9 28818
sage-9.0.beta9 28639
sage-9.0.beta9 28834
sage-9.0.beta9 28822
sage-9.0.beta9 28826
sage-9.0.beta9 28476
sage-9.0.beta9 28289
sage-9.0.beta9 28825
sage-9.0.beta9 28821
sage-9.0.beta9 28801
sage-9.0.beta9 28541
sage-9.0.beta9 24398
sage-9.0.beta9 28710
sage-9.0.beta9 28258
sage-9.0.beta10 17339
sage-9.0.beta10 28875
sage-9.0.beta10 28326
sage-9.0.beta10 28828
sage-9.0.beta10 28766
sage-9.0.beta10 28743
sage-9.0.beta10 28596
sage-9.0.beta10 26332
sage-9.0.beta10 28891
sage-9.0.beta10 28888
sage-9.0.beta10 28887
sage-9.0.beta10 28881
sage-9.0.beta10 28877
sage-9.0.beta10 28876
sage-9.0.beta10 28874
sage-9.0.beta10 28808
sage-9.0.beta10 28533
sage-9.0.beta10 15645
sage-9.0.beta10 28872
sage-9.0.beta10 28861
sage-9.0.beta10 28860
sage-9.0.beta10 28859
sage-9.0.beta10 28851
sage-9.0.beta10 28850
sage-9.0.beta10 28789
sage-9.0.beta10 28613
sage-9.0.beta10 28632
sage-9.0.beta10 28355
sage-9.0.beta10 28863
sage-9.0.beta10 28858
sage-9.0.beta10 28762
sage-9.0.beta10 28329
sage-9.0.beta10 12679
sage-9.0.beta10 28829
sage-9.0.beta10 28849
sage-9.0.beta10 28847
sage-9.0.beta10 28845
sage-9.0.beta10 28844
sage-9.0.beta10 28842
sage-9.0.beta10 28819
sage-9.0.beta10 28684
sage-9.0.beta10 28507
sage-9.0.beta10 28374
sage-9.0.beta10 28832
sage-9.0.rc0 28900
sage-9.0.rc0 28898
sage-9.0.rc0 28896
sage-9.0.rc0 28885
sage-9.0.rc0 28837
sage-9.0.rc0 28654
sage-9.0.rc0 28309
sage-9.0.rc0 28094
sage-9.0.rc1 28878
sage-9.0.rc1 28676
sage-9.0.rc1 28910
